[2024-03-22 14:58:50] [main] [INFO] [] [com.example.discoveryserver.DiscoveryServerApplication] - Starting DiscoveryServerApplication using Java 17.0.8 with PID 8240 (C:\Users\DCL\IdeaProjects\elp-project-backend\discovery-server\build\classes\java\main started by DCL in C:\Users\DCL\IdeaProjects\elp-project-backend)
[2024-03-22 14:58:50] [main] [INFO] [] [com.example.discoveryserver.DiscoveryServerApplication] - No active profile set, falling back to 1 default profile: "default"
[2024-03-22 14:58:52] [main] [INFO] [] [org.springframework.cloud.context.scope.GenericScope] - BeanFactory id=8c1633bd-ad47-32ca-8be8-9046a5e244af
[2024-03-22 14:58:52] [main] [WARN] [] [org.springframework.context.support.PostProcessorRegistrationDelegate$BeanPostProcessorChecker] - Bean 'org.springframework.cloud.client.loadbalancer.LoadBalancerAutoConfiguration$LoadBalancerInterceptorConfig' of type [org.springframework.cloud.client.loadbalancer.LoadBalancerAutoConfiguration$LoadBalancerInterceptorConfig] is not eligible for getting processed by all BeanPostProcessors (for example: not eligible for auto-proxying). The currently created BeanPostProcessor [lbRestClientPostProcessor] is declared through a non-static factory method on that class; consider declaring it as static instead.
[2024-03-22 14:58:52] [main] [WARN] [] [org.springframework.context.support.PostProcessorRegistrationDelegate$BeanPostProcessorChecker] - Bean 'org.springframework.cloud.loadbalancer.config.BlockingLoadBalancerClientAutoConfiguration' of type [org.springframework.cloud.loadbalancer.config.BlockingLoadBalancerClientAutoConfiguration] is not eligible for getting processed by all BeanPostProcessors (for example: not eligible for auto-proxying). Is this bean getting eagerly injected into a currently created BeanPostProcessor [lbRestClientPostProcessor]? Check the corresponding BeanPostProcessor declaration and its dependencies.
[2024-03-22 14:58:52] [main] [WARN] [] [org.springframework.context.support.PostProcessorRegistrationDelegate$BeanPostProcessorChecker] - Bean 'org.springframework.cloud.loadbalancer.config.LoadBalancerAutoConfiguration' of type [org.springframework.cloud.loadbalancer.config.LoadBalancerAutoConfiguration] is not eligible for getting processed by all BeanPostProcessors (for example: not eligible for auto-proxying). Is this bean getting eagerly injected into a currently created BeanPostProcessor [lbRestClientPostProcessor]? Check the corresponding BeanPostProcessor declaration and its dependencies.
[2024-03-22 14:58:52] [main] [WARN] [] [org.springframework.context.support.PostProcessorRegistrationDelegate$BeanPostProcessorChecker] - Bean 'org.springframework.cloud.commons.config.CommonsConfigAutoConfiguration' of type [org.springframework.cloud.commons.config.CommonsConfigAutoConfiguration] is not eligible for getting processed by all BeanPostProcessors (for example: not eligible for auto-proxying). Is this bean getting eagerly injected into a currently created BeanPostProcessor [lbRestClientPostProcessor]? Check the corresponding BeanPostProcessor declaration and its dependencies.
[2024-03-22 14:58:52] [main] [WARN] [] [org.springframework.context.support.PostProcessorRegistrationDelegate$BeanPostProcessorChecker] - Bean 'org.springframework.cloud.client.loadbalancer.LoadBalancerDefaultMappingsProviderAutoConfiguration' of type [org.springframework.cloud.client.loadbalancer.LoadBalancerDefaultMappingsProviderAutoConfiguration] is not eligible for getting processed by all BeanPostProcessors (for example: not eligible for auto-proxying). Is this bean getting eagerly injected into a currently created BeanPostProcessor [lbRestClientPostProcessor]? Check the corresponding BeanPostProcessor declaration and its dependencies.
[2024-03-22 14:58:52] [main] [WARN] [] [org.springframework.context.support.PostProcessorRegistrationDelegate$BeanPostProcessorChecker] - Bean 'loadBalancerClientsDefaultsMappingsProvider' of type [org.springframework.cloud.client.loadbalancer.LoadBalancerDefaultMappingsProviderAutoConfiguration$$Lambda$633/0x00000229123eee00] is not eligible for getting processed by all BeanPostProcessors (for example: not eligible for auto-proxying). Is this bean getting eagerly injected into a currently created BeanPostProcessor [lbRestClientPostProcessor]? Check the corresponding BeanPostProcessor declaration and its dependencies.
[2024-03-22 14:58:52] [main] [WARN] [] [org.springframework.context.support.PostProcessorRegistrationDelegate$BeanPostProcessorChecker] - Bean 'defaultsBindHandlerAdvisor' of type [org.springframework.cloud.commons.config.DefaultsBindHandlerAdvisor] is not eligible for getting processed by all BeanPostProcessors (for example: not eligible for auto-proxying). Is this bean getting eagerly injected into a currently created BeanPostProcessor [lbRestClientPostProcessor]? Check the corresponding BeanPostProcessor declaration and its dependencies.
[2024-03-22 14:58:52] [main] [WARN] [] [org.springframework.context.support.PostProcessorRegistrationDelegate$BeanPostProcessorChecker] - Bean 'spring.cloud.loadbalancer-org.springframework.cloud.client.loadbalancer.LoadBalancerClientsProperties' of type [org.springframework.cloud.client.loadbalancer.LoadBalancerClientsProperties] is not eligible for getting processed by all BeanPostProcessors (for example: not eligible for auto-proxying). Is this bean getting eagerly injected into a currently created BeanPostProcessor [lbRestClientPostProcessor]? Check the corresponding BeanPostProcessor declaration and its dependencies.
[2024-03-22 14:58:52] [main] [WARN] [] [org.springframework.context.support.PostProcessorRegistrationDelegate$BeanPostProcessorChecker] - Bean 'default.org.springframework.cloud.loadbalancer.config.LoadBalancerAutoConfiguration.LoadBalancerClientSpecification' of type [org.springframework.cloud.loadbalancer.annotation.LoadBalancerClientSpecification] is not eligible for getting processed by all BeanPostProcessors (for example: not eligible for auto-proxying). Is this bean getting eagerly injected into a currently created BeanPostProcessor [lbRestClientPostProcessor]? Check the corresponding BeanPostProcessor declaration and its dependencies.
[2024-03-22 14:58:52] [main] [WARN] [] [org.springframework.context.support.PostProcessorRegistrationDelegate$BeanPostProcessorChecker] - Bean 'default.org.springframework.cloud.loadbalancer.config.BlockingLoadBalancerClientAutoConfiguration.LoadBalancerClientSpecification' of type [org.springframework.cloud.loadbalancer.annotation.LoadBalancerClientSpecification] is not eligible for getting processed by all BeanPostProcessors (for example: not eligible for auto-proxying). Is this bean getting eagerly injected into a currently created BeanPostProcessor [lbRestClientPostProcessor]? Check the corresponding BeanPostProcessor declaration and its dependencies.
[2024-03-22 14:58:52] [main] [WARN] [] [org.springframework.context.support.PostProcessorRegistrationDelegate$BeanPostProcessorChecker] - Bean 'default.org.springframework.cloud.netflix.eureka.loadbalancer.LoadBalancerEurekaAutoConfiguration.LoadBalancerClientSpecification' of type [org.springframework.cloud.loadbalancer.annotation.LoadBalancerClientSpecification] is not eligible for getting processed by all BeanPostProcessors (for example: not eligible for auto-proxying). Is this bean getting eagerly injected into a currently created BeanPostProcessor [lbRestClientPostProcessor]? Check the corresponding BeanPostProcessor declaration and its dependencies.
[2024-03-22 14:58:52] [main] [WARN] [] [org.springframework.context.support.PostProcessorRegistrationDelegate$BeanPostProcessorChecker] - Bean 'loadBalancerClientFactory' of type [org.springframework.cloud.loadbalancer.support.LoadBalancerClientFactory] is not eligible for getting processed by all BeanPostProcessors (for example: not eligible for auto-proxying). Is this bean getting eagerly injected into a currently created BeanPostProcessor [lbRestClientPostProcessor]? Check the corresponding BeanPostProcessor declaration and its dependencies.
[2024-03-22 14:58:52] [main] [WARN] [] [org.springframework.context.support.PostProcessorRegistrationDelegate$BeanPostProcessorChecker] - Bean 'blockingLoadBalancerClient' of type [org.springframework.cloud.loadbalancer.blocking.client.BlockingLoadBalancerClient] is not eligible for getting processed by all BeanPostProcessors (for example: not eligible for auto-proxying). Is this bean getting eagerly injected into a currently created BeanPostProcessor [lbRestClientPostProcessor]? Check the corresponding BeanPostProcessor declaration and its dependencies.
[2024-03-22 14:58:52] [main] [WARN] [] [org.springframework.context.support.PostProcessorRegistrationDelegate$BeanPostProcessorChecker] - Bean 'loadBalancerServiceInstanceCookieTransformer' of type [org.springframework.cloud.loadbalancer.core.LoadBalancerServiceInstanceCookieTransformer] is not eligible for getting processed by all BeanPostProcessors (for example: not eligible for auto-proxying). Is this bean getting eagerly injected into a currently created BeanPostProcessor [lbRestClientPostProcessor]? Check the corresponding BeanPostProcessor declaration and its dependencies.
[2024-03-22 14:58:52] [main] [WARN] [] [org.springframework.context.support.PostProcessorRegistrationDelegate$BeanPostProcessorChecker] - Bean 'xForwarderHeadersTransformer' of type [org.springframework.cloud.loadbalancer.blocking.XForwardedHeadersTransformer] is not eligible for getting processed by all BeanPostProcessors (for example: not eligible for auto-proxying). Is this bean getting eagerly injected into a currently created BeanPostProcessor [lbRestClientPostProcessor]? Check the corresponding BeanPostProcessor declaration and its dependencies.
[2024-03-22 14:58:52] [main] [WARN] [] [org.springframework.context.support.PostProcessorRegistrationDelegate$BeanPostProcessorChecker] - Bean 'org.springframework.cloud.client.loadbalancer.LoadBalancerAutoConfiguration' of type [org.springframework.cloud.client.loadbalancer.LoadBalancerAutoConfiguration] is not eligible for getting processed by all BeanPostProcessors (for example: not eligible for auto-proxying). Is this bean getting eagerly injected into a currently created BeanPostProcessor [lbRestClientPostProcessor]? Check the corresponding BeanPostProcessor declaration and its dependencies.
[2024-03-22 14:58:52] [main] [WARN] [] [org.springframework.context.support.PostProcessorRegistrationDelegate$BeanPostProcessorChecker] - Bean 'loadBalancerRequestFactory' of type [org.springframework.cloud.client.loadbalancer.LoadBalancerRequestFactory] is not eligible for getting processed by all BeanPostProcessors (for example: not eligible for auto-proxying). Is this bean getting eagerly injected into a currently created BeanPostProcessor [lbRestClientPostProcessor]? Check the corresponding BeanPostProcessor declaration and its dependencies.
[2024-03-22 14:58:52] [main] [WARN] [] [org.springframework.context.support.PostProcessorRegistrationDelegate$BeanPostProcessorChecker] - Bean 'loadBalancerInterceptor' of type [org.springframework.cloud.client.loadbalancer.LoadBalancerInterceptor] is not eligible for getting processed by all BeanPostProcessors (for example: not eligible for auto-proxying). Is this bean getting eagerly injected into a currently created BeanPostProcessor [lbRestClientPostProcessor]? Check the corresponding BeanPostProcessor declaration and its dependencies.
[2024-03-22 14:58:52] [main] [INFO] [] [org.springframework.boot.web.embedded.tomcat.TomcatWebServer] - Tomcat initialized with port 8761 (http)
[2024-03-22 14:58:52] [main] [INFO] [] [org.apache.coyote.http11.Http11NioProtocol] - Initializing ProtocolHandler ["http-nio-8761"]
[2024-03-22 14:58:52] [main] [INFO] [] [org.apache.catalina.core.StandardService] - Starting service [Tomcat]
[2024-03-22 14:58:52] [main] [INFO] [] [org.apache.catalina.core.StandardEngine] - Starting Servlet engine: [Apache Tomcat/10.1.19]
[2024-03-22 14:58:52] [main] [INFO] [] [org.apache.catalina.core.ContainerBase.[Tomcat].[localhost].[/]] - Initializing Spring embedded WebApplicationContext
[2024-03-22 14:58:52] [main] [INFO] [] [org.springframework.boot.web.servlet.context.ServletWebServerApplicationContext] - Root WebApplicationContext: initialization completed in 2562 ms
[2024-03-22 14:58:54] [main] [INFO] [] [com.netflix.discovery.provider.DiscoveryJerseyProvider] - Using JSON encoding codec LegacyJacksonJson
[2024-03-22 14:58:54] [main] [INFO] [] [com.netflix.discovery.provider.DiscoveryJerseyProvider] - Using JSON decoding codec LegacyJacksonJson
[2024-03-22 14:58:54] [main] [INFO] [] [com.netflix.discovery.provider.DiscoveryJerseyProvider] - Using XML encoding codec XStreamXml
[2024-03-22 14:58:54] [main] [INFO] [] [com.netflix.discovery.provider.DiscoveryJerseyProvider] - Using XML decoding codec XStreamXml
[2024-03-22 14:58:57] [main] [INFO] [] [org.springframework.cloud.commons.util.InetUtils] - Cannot determine local hostname
[2024-03-22 14:58:57] [main] [INFO] [] [org.springframework.boot.actuate.endpoint.web.EndpointLinksResolver] - Exposing 1 endpoint(s) beneath base path '/actuator'
[2024-03-22 14:58:57] [main] [INFO] [] [org.springframework.security.web.DefaultSecurityFilterChain] - Will secure any request with [org.springframework.security.web.session.DisableEncodeUrlFilter@1a99692, org.springframework.security.web.context.request.async.WebAsyncManagerIntegrationFilter@2a0881f1, org.springframework.security.web.context.SecurityContextHolderFilter@3889c343, org.springframework.security.web.header.HeaderWriterFilter@3eb641a8, org.springframework.web.filter.CorsFilter@7a85454b, org.springframework.security.web.authentication.logout.LogoutFilter@64acf8d2, org.springframework.security.web.authentication.UsernamePasswordAuthenticationFilter@4c438f66, org.springframework.security.web.authentication.ui.DefaultLoginPageGeneratingFilter@893081e, org.springframework.security.web.authentication.ui.DefaultLogoutPageGeneratingFilter@3ecbfba1, org.springframework.security.web.savedrequest.RequestCacheAwareFilter@136cad3e, org.springframework.security.web.servletapi.SecurityContextHolderAwareRequestFilter@13e5b262, org.springframework.security.web.authentication.AnonymousAuthenticationFilter@739be7ec, org.springframework.security.web.access.ExceptionTranslationFilter@66f223fa, org.springframework.security.web.access.intercept.AuthorizationFilter@37c762aa]
[2024-03-22 14:58:59] [main] [INFO] [] [org.springframework.cloud.commons.util.InetUtils] - Cannot determine local hostname
[2024-03-22 14:58:59] [main] [WARN] [] [org.springframework.cloud.loadbalancer.config.LoadBalancerCacheAutoConfiguration$LoadBalancerCaffeineWarnLogger] - Spring Cloud LoadBalancer is currently working with the default cache. While this cache implementation is useful for development and tests, it's recommended to use Caffeine cache in production.You can switch to using Caffeine cache, by adding it and org.springframework.cache.caffeine.CaffeineCacheManager to the classpath.
[2024-03-22 14:58:59] [main] [INFO] [] [org.springframework.cloud.netflix.eureka.InstanceInfoFactory] - Setting initial instance status as: STARTING
[2024-03-22 14:58:59] [main] [INFO] [] [com.netflix.discovery.DiscoveryClient] - Initializing Eureka in region us-east-1
[2024-03-22 14:58:59] [main] [INFO] [] [com.netflix.discovery.DiscoveryClient] - Client configured to neither register nor query for data.
[2024-03-22 14:58:59] [main] [INFO] [] [com.netflix.discovery.DiscoveryClient] - Discovery Client initialized at timestamp 1711097939377 with initial instances count: 0
[2024-03-22 14:58:59] [main] [INFO] [] [com.netflix.eureka.DefaultEurekaServerContext] - Initializing ...
[2024-03-22 14:58:59] [main] [WARN] [] [com.netflix.eureka.cluster.PeerEurekaNodes] - The replica size seems to be empty. Check the route 53 DNS Registry
[2024-03-22 14:58:59] [main] [INFO] [] [com.netflix.eureka.registry.AbstractInstanceRegistry] - Finished initializing remote region registries. All known remote regions: []
[2024-03-22 14:58:59] [main] [INFO] [] [com.netflix.eureka.DefaultEurekaServerContext] - Initialized
[2024-03-22 14:58:59] [main] [INFO] [] [org.springframework.cloud.netflix.eureka.serviceregistry.EurekaServiceRegistry] - Registering application UNKNOWN with eureka with status UP
[2024-03-22 14:58:59] [main] [INFO] [] [org.apache.coyote.http11.Http11NioProtocol] - Starting ProtocolHandler ["http-nio-8761"]
[2024-03-22 14:58:59] [Thread-9] [INFO] [] [org.springframework.cloud.netflix.eureka.server.EurekaServerBootstrap] - isAws returned false
[2024-03-22 14:58:59] [Thread-9] [INFO] [] [org.springframework.cloud.netflix.eureka.server.EurekaServerBootstrap] - Initialized server context
[2024-03-22 14:58:59] [Thread-9] [INFO] [] [com.netflix.eureka.registry.PeerAwareInstanceRegistryImpl] - Got 1 instances from neighboring DS node
[2024-03-22 14:58:59] [Thread-9] [INFO] [] [com.netflix.eureka.registry.PeerAwareInstanceRegistryImpl] - Renew threshold is: 1
[2024-03-22 14:58:59] [Thread-9] [INFO] [] [com.netflix.eureka.registry.PeerAwareInstanceRegistryImpl] - Changing status to UP
[2024-03-22 14:58:59] [Thread-9] [INFO] [] [org.springframework.cloud.netflix.eureka.server.EurekaServerInitializerConfiguration] - Started Eureka Server
[2024-03-22 14:58:59] [main] [INFO] [] [org.springframework.boot.web.embedded.tomcat.TomcatWebServer] - Tomcat started on port 8761 (http) with context path ''
[2024-03-22 14:58:59] [main] [INFO] [] [org.springframework.cloud.netflix.eureka.serviceregistry.EurekaAutoServiceRegistration] - Updating port to 8761
[2024-03-22 14:59:00] [main] [INFO] [] [org.springframework.cloud.commons.util.InetUtils] - Cannot determine local hostname
[2024-03-22 14:59:00] [main] [INFO] [] [com.example.discoveryserver.DiscoveryServerApplication] - Started DiscoveryServerApplication in 12.671 seconds (process running for 14.376)
[2024-03-22 14:59:05] [http-nio-8761-exec-1] [INFO] [] [org.apache.catalina.core.ContainerBase.[Tomcat].[localhost].[/]] - Initializing Spring DispatcherServlet 'dispatcherServlet'
[2024-03-22 14:59:05] [http-nio-8761-exec-1] [INFO] [] [org.springframework.web.servlet.DispatcherServlet] - Initializing Servlet 'dispatcherServlet'
[2024-03-22 14:59:05] [http-nio-8761-exec-1] [INFO] [] [org.springframework.web.servlet.DispatcherServlet] - Completed initialization in 1 ms
[2024-03-22 14:59:05] [http-nio-8761-exec-1] [WARN] [] [com.netflix.eureka.registry.AbstractInstanceRegistry] - DS: Registry: lease doesn't exist, registering resource: USER-SERVICE - localhost:user-service:8081
[2024-03-22 14:59:05] [http-nio-8761-exec-1] [WARN] [] [com.netflix.eureka.resources.InstanceResource] - Not Found (Renew): USER-SERVICE - localhost:user-service:8081
[2024-03-22 14:59:05] [http-nio-8761-exec-3] [INFO] [] [com.netflix.eureka.registry.AbstractInstanceRegistry] - Registered instance USER-SERVICE/localhost:user-service:8081 with status UP (replication=false)
[2024-03-22 14:59:59] [Eureka-EvictionTimer] [INFO] [] [com.netflix.eureka.registry.AbstractInstanceRegistry] - Running the evict task with compensationTime 0ms
[2024-03-22 15:00:59] [Eureka-EvictionTimer] [INFO] [] [com.netflix.eureka.registry.AbstractInstanceRegistry] - Running the evict task with compensationTime 1ms
[2024-03-22 15:01:59] [Eureka-EvictionTimer] [INFO] [] [com.netflix.eureka.registry.AbstractInstanceRegistry] - Running the evict task with compensationTime 81ms
[2024-03-22 15:02:59] [Eureka-EvictionTimer] [INFO] [] [com.netflix.eureka.registry.AbstractInstanceRegistry] - Running the evict task with compensationTime 1ms
[2024-03-22 15:03:59] [Eureka-EvictionTimer] [INFO] [] [com.netflix.eureka.registry.AbstractInstanceRegistry] - Running the evict task with compensationTime 2ms
[2024-03-22 15:04:45] [SpringApplicationShutdownHook] [INFO] [] [org.springframework.cloud.netflix.eureka.serviceregistry.EurekaServiceRegistry] - Unregistering application UNKNOWN with eureka with status DOWN
[2024-03-22 15:04:45] [SpringApplicationShutdownHook] [INFO] [] [org.springframework.cloud.netflix.eureka.server.EurekaServerBootstrap] - Shutting down Eureka Server..
[2024-03-22 15:04:45] [SpringApplicationShutdownHook] [INFO] [] [com.netflix.eureka.DefaultEurekaServerContext] - Shutting down ...
[2024-03-22 15:04:45] [SpringApplicationShutdownHook] [INFO] [] [com.netflix.eureka.DefaultEurekaServerContext] - Shut down
[2024-03-22 15:04:45] [SpringApplicationShutdownHook] [INFO] [] [org.springframework.cloud.netflix.eureka.server.EurekaServerBootstrap] - Eureka Service is now shutdown...
[2024-03-22 15:04:45] [SpringApplicationShutdownHook] [INFO] [] [com.netflix.eureka.DefaultEurekaServerContext] - Shutting down ...
[2024-03-22 15:04:45] [SpringApplicationShutdownHook] [INFO] [] [com.netflix.eureka.DefaultEurekaServerContext] - Shut down
[2024-03-22 15:04:45] [SpringApplicationShutdownHook] [INFO] [] [com.netflix.discovery.DiscoveryClient] - Shutting down DiscoveryClient ...
[2024-03-22 15:04:45] [SpringApplicationShutdownHook] [INFO] [] [com.netflix.discovery.DiscoveryClient] - Completed shut down of DiscoveryClient
